<?xml version="1.0" encoding="UTF-8"?>
<!-- Generated by org.testng.reporters.JUnitReportReporter -->
<testsuite hostname="DESKTOP-C0180KA" failures="0" tests="1" name="TestCases.LaunchURL" time="2.610" errors="0" timestamp="03 May 2022 12:23:14 GMT" skipped="0">
  <testcase classname="TestCases.LaunchURL" name="LaunchuRL" time="2.610"/>
</testsuite> <!-- TestCases.LaunchURL -->
