<?xml version="1.0" encoding="UTF-8"?>
<!-- Generated by org.testng.reporters.JUnitReportReporter -->
<testsuite hostname="DESKTOP-C0180KA" failures="0" tests="1" name="TestCases.GoogleSearch" time="0.020" errors="0" timestamp="03 May 2022 12:25:53 GMT" skipped="0">
  <testcase classname="TestCases.GoogleSearch" name="googlesearch" time="0.020"/>
</testsuite> <!-- TestCases.GoogleSearch -->
