<?xml version="1.0" encoding="UTF-8"?>
<!-- Generated by org.testng.reporters.JUnitReportReporter -->
<testsuite hostname="DESKTOP-C0180KA" failures="0" tests="3" name="TestCases.search" time="8.806" errors="0" timestamp="04 May 2022 05:17:44 GMT" skipped="0">
  <testcase classname="TestCases.search" name="Lanchurl" time="4.593"/>
  <testcase classname="TestCases.search" name="verifygooglelable" time="0.012"/>
  <testcase classname="TestCases.search" name="Entertextinsearchbox" time="4.201"/>
</testsuite> <!-- TestCases.search -->
